<?xml version="1.0" encoding="UTF-8"?>
<testsuite xmlns:xsi="http://www.w3.org/2001/XMLSchema-instance" xsi:noNamespaceSchemaLocation="https://maven.apache.org/surefire/maven-surefire-plugin/xsd/surefire-test-report.xsd" name="com.lazerycode.jmeter.properties.ConfigurationFilesTest" time="0.003" tests="3" errors="0" skipped="0" failures="0">
  <properties>
[...]
</properties>
  <testcase name="createFileIfItDoesNotExistReturnsFalse" classname="com.lazerycode.jmeter.properties.ConfigurationFilesTest" time="0.002"/>
  <testcase name="createFileIfItDoesNotExistReturnsTrue" classname="com.lazerycode.jmeter.properties.ConfigurationFilesTest" time="0"/>
  <testcase name="getPropertiesFileNameReturnsExpectedFilename" classname="com.lazerycode.jmeter.properties.ConfigurationFilesTest" time="0"/>
</testsuite>